................FFF...............F........................... [ 33%]
....FF....F..FF...F..F.....................FFF.......................... [ 73%]
.............................................EEEE                        [100%]
==================================== ERRORS ====================================
_ ERROR at setup of UploadsContractTests.test_upload_contract_blank_license_returns_400 _

cls = <class 'test_uploads_contract.UploadsContractTests'>

    @classmethod
    def setUpClass(cls):
        cls.server = subprocess.Popen(
            [
                "uvicorn",
                "app.main:app",
                "--host",
                "127.0.0.1",
                "--port",
                str(cls.SERVER_PORT),
                "--log-level",
                "warning",
            ],
            stdout=subprocess.DEVNULL,
            stderr=subprocess.DEVNULL,
        )
        for _ in range(50):
            try:
                health = requests.get(f"{cls.BASE_URL}/api/health", timeout=0.5)
                if health.status_code == 200:
                    break
            except requests.RequestException:
                pass
            time.sleep(0.2)
        else:
>           raise RuntimeError("Failed to start test server")
E           RuntimeError: Failed to start test server

tests/test_uploads_contract.py:39: RuntimeError
_ ERROR at setup of UploadsContractTests.test_upload_contract_missing_file_returns_400 _

cls = <class 'test_uploads_contract.UploadsContractTests'>

    @classmethod
    def setUpClass(cls):
        cls.server = subprocess.Popen(
            [
                "uvicorn",
                "app.main:app",
                "--host",
                "127.0.0.1",
                "--port",
                str(cls.SERVER_PORT),
                "--log-level",
                "warning",
            ],
            stdout=subprocess.DEVNULL,
            stderr=subprocess.DEVNULL,
        )
        for _ in range(50):
            try:
                health = requests.get(f"{cls.BASE_URL}/api/health", timeout=0.5)
                if health.status_code == 200:
                    break
            except requests.RequestException:
                pass
            time.sleep(0.2)
        else:
>           raise RuntimeError("Failed to start test server")
E           RuntimeError: Failed to start test server

tests/test_uploads_contract.py:39: RuntimeError
_ ERROR at setup of UploadsContractTests.test_upload_contract_missing_license_returns_400 _

cls = <class 'test_uploads_contract.UploadsContractTests'>

    @classmethod
    def setUpClass(cls):
        cls.server = subprocess.Popen(
            [
                "uvicorn",
                "app.main:app",
                "--host",
                "127.0.0.1",
                "--port",
                str(cls.SERVER_PORT),
                "--log-level",
                "warning",
            ],
            stdout=subprocess.DEVNULL,
            stderr=subprocess.DEVNULL,
        )
        for _ in range(50):
            try:
                health = requests.get(f"{cls.BASE_URL}/api/health", timeout=0.5)
                if health.status_code == 200:
                    break
            except requests.RequestException:
                pass
            time.sleep(0.2)
        else:
>           raise RuntimeError("Failed to start test server")
E           RuntimeError: Failed to start test server

tests/test_uploads_contract.py:39: RuntimeError
_ ERROR at setup of UploadsContractTests.test_upload_contract_success_shape_and_accessibility _

cls = <class 'test_uploads_contract.UploadsContractTests'>

    @classmethod
    def setUpClass(cls):
        cls.server = subprocess.Popen(
            [
                "uvicorn",
                "app.main:app",
                "--host",
                "127.0.0.1",
                "--port",
                str(cls.SERVER_PORT),
                "--log-level",
                "warning",
            ],
            stdout=subprocess.DEVNULL,
            stderr=subprocess.DEVNULL,
        )
        for _ in range(50):
            try:
                health = requests.get(f"{cls.BASE_URL}/api/health", timeout=0.5)
                if health.status_code == 200:
                    break
            except requests.RequestException:
                pass
            time.sleep(0.2)
        else:
>           raise RuntimeError("Failed to start test server")
E           RuntimeError: Failed to start test server

tests/test_uploads_contract.py:39: RuntimeError
=================================== FAILURES ===================================
_____________ test_auth_refresh_lifecycle_with_real_redis_backend ______________

tmp_path = PosixPath('/tmp/pytest-of-root/pytest-0/test_auth_refresh_lifecycle_wi0')

    def test_auth_refresh_lifecycle_with_real_redis_backend(tmp_path) -> None:
        auth_db_path = tmp_path / "auth-redis-integration.db"
        rebind_test_db(auth_db_path, session_backend="memory")
    
        env = os.environ.copy()
        env.update(
            {
                "APP_ENV": "test",
                "AUTH_SECRET_KEY": "test-secret-auth-redis-integration",
                "AUTH_SESSION_BACKEND": "redis",
                "REDIS_URL": os.getenv("REDIS_URL", "redis://127.0.0.1:6379/0"),
                "AUTH_DATABASE_URL": f"sqlite:///{auth_db_path}",
                "COOKIE_HTTPONLY": "true",
                "COOKIE_SAMESITE": "lax",
            }
        )
    
        server = subprocess.Popen(
            [
                "uvicorn",
                "app.main:app",
                "--host",
                "127.0.0.1",
                "--port",
                str(SERVER_PORT),
                "--log-level",
                "warning",
            ],
            env=env,
            stdout=subprocess.DEVNULL,
            stderr=subprocess.PIPE,
        )
    
        session = requests.Session()
        try:
>           _wait_for_server_ready(session, server)

tests/test_auth_redis_integration.py:68: 
_ _ _ _ _ _ _ _ _ _ _ _ _ _ _ _ _ _ _ _ _ _ _ _ _ _ _ _ _ _ _ _ _ _ _ _ _ _ _ _ 

session = <requests.sessions.Session object at 0x7f4bab86ac80>
server = <Popen: returncode: 1 args: ['uvicorn', 'app.main:app', '--host', '127.0.0.1...>

    def _wait_for_server_ready(session: requests.Session, server: subprocess.Popen | None = None) -> None:
        for _ in range(60):
            try:
                response = session.get(f"{BASE_URL}/api/health", timeout=0.5)
                if response.status_code == 200:
                    return
            except requests.RequestException:
                pass
            time.sleep(0.2)
        stderr_tail = ""
        if server is not None and server.poll() is not None and server.stderr is not None:
            stderr_tail = server.stderr.read().decode("utf-8", errors="replace").strip()
>       raise RuntimeError(
            "Failed to start auth redis integration test server"
            + (f"; uvicorn stderr: {stderr_tail}" if stderr_tail else "")
        )
E       RuntimeError: Failed to start auth redis integration test server; uvicorn stderr: Traceback (most recent call last):
E         File "/root/.pyenv/versions/3.10.19/lib/python3.10/site-packages/redis/connection.py", line 385, in connect_check_health
E           sock = self.retry.call_with_retry(
E         File "/root/.pyenv/versions/3.10.19/lib/python3.10/site-packages/redis/retry.py", line 74, in call_with_retry
E           return do()
E         File "/root/.pyenv/versions/3.10.19/lib/python3.10/site-packages/redis/connection.py", line 386, in <lambda>
E           lambda: self._connect(), lambda error: self.disconnect(error)
E         File "/root/.pyenv/versions/3.10.19/lib/python3.10/site-packages/redis/connection.py", line 797, in _connect
E           raise err
E         File "/root/.pyenv/versions/3.10.19/lib/python3.10/site-packages/redis/connection.py", line 781, in _connect
E           sock.connect(socket_address)
E       ConnectionRefusedError: [Errno 111] Connection refused
E       
E       During handling of the above exception, another exception occurred:
E       
E       Traceback (most recent call last):
E         File "/workspace/ARTEMIS/app/auth/session_store.py", line 115, in create_default_refresh_session_store
E           client.ping()
E         File "/root/.pyenv/versions/3.10.19/lib/python3.10/site-packages/redis/commands/core.py", line 1219, in ping
E           return self.execute_command("PING", **kwargs)
E         File "/root/.pyenv/versions/3.10.19/lib/python3.10/site-packages/redis/client.py", line 621, in execute_command
E           return self._execute_command(*args, **options)
E         File "/root/.pyenv/versions/3.10.19/lib/python3.10/site-packages/redis/client.py", line 627, in _execute_command
E           conn = self.connection or pool.get_connection()
E         File "/root/.pyenv/versions/3.10.19/lib/python3.10/site-packages/redis/utils.py", line 188, in wrapper
E           return func(*args, **kwargs)
E         File "/root/.pyenv/versions/3.10.19/lib/python3.10/site-packages/redis/connection.py", line 1520, in get_connection
E           connection.connect()
E         File "/root/.pyenv/versions/3.10.19/lib/python3.10/site-packages/redis/connection.py", line 379, in connect
E           self.connect_check_health(check_health=True)
E         File "/root/.pyenv/versions/3.10.19/lib/python3.10/site-packages/redis/connection.py", line 391, in connect_check_health
E           raise ConnectionError(self._error_message(e))
E       redis.exceptions.ConnectionError: Error 111 connecting to 127.0.0.1:6379. Connection refused.
E       
E       The above exception was the direct cause of the following exception:
E       
E       Traceback (most recent call last):
E         File "/root/.pyenv/versions/3.10.19/bin/uvicorn", line 7, in <module>
E           sys.exit(main())
E         File "/root/.pyenv/versions/3.10.19/lib/python3.10/site-packages/click/core.py", line 1485, in __call__
E           return self.main(*args, **kwargs)
E         File "/root/.pyenv/versions/3.10.19/lib/python3.10/site-packages/click/core.py", line 1406, in main
E           rv = self.invoke(ctx)
E         File "/root/.pyenv/versions/3.10.19/lib/python3.10/site-packages/click/core.py", line 1269, in invoke
E           return ctx.invoke(self.callback, **ctx.params)
E         File "/root/.pyenv/versions/3.10.19/lib/python3.10/site-packages/click/core.py", line 824, in invoke
E           return callback(*args, **kwargs)
E         File "/root/.pyenv/versions/3.10.19/lib/python3.10/site-packages/uvicorn/main.py", line 433, in main
E           run(
E         File "/root/.pyenv/versions/3.10.19/lib/python3.10/site-packages/uvicorn/main.py", line 606, in run
E           server.run()
E         File "/root/.pyenv/versions/3.10.19/lib/python3.10/site-packages/uvicorn/server.py", line 75, in run
E           return asyncio_run(self.serve(sockets=sockets), loop_factory=self.config.get_loop_factory())
E         File "/root/.pyenv/versions/3.10.19/lib/python3.10/site-packages/uvicorn/_compat.py", line 60, in asyncio_run
E           return loop.run_until_complete(main)
E         File "/root/.pyenv/versions/3.10.19/lib/python3.10/asyncio/base_events.py", line 649, in run_until_complete
E           return future.result()
E         File "/root/.pyenv/versions/3.10.19/lib/python3.10/site-packages/uvicorn/server.py", line 79, in serve
E           await self._serve(sockets)
E         File "/root/.pyenv/versions/3.10.19/lib/python3.10/site-packages/uvicorn/server.py", line 86, in _serve
E           config.load()
E         File "/root/.pyenv/versions/3.10.19/lib/python3.10/site-packages/uvicorn/config.py", line 441, in load
E           self.loaded_app = import_from_string(self.app)
E         File "/root/.pyenv/versions/3.10.19/lib/python3.10/site-packages/uvicorn/importer.py", line 19, in import_from_string
E           module = importlib.import_module(module_str)
E         File "/root/.pyenv/versions/3.10.19/lib/python3.10/importlib/__init__.py", line 126, in import_module
E           return _bootstrap._gcd_import(name[level:], package, level)
E         File "<frozen importlib._bootstrap>", line 1050, in _gcd_import
E         File "<frozen importlib._bootstrap>", line 1027, in _find_and_load
E         File "<frozen importlib._bootstrap>", line 1006, in _find_and_load_unlocked
E         File "<frozen importlib._bootstrap>", line 688, in _load_unlocked
E         File "<frozen importlib._bootstrap_external>", line 883, in exec_module
E         File "<frozen importlib._bootstrap>", line 241, in _call_with_frames_removed
E         File "/workspace/ARTEMIS/app/main.py", line 10, in <module>
E           from app.auth.routes import router as auth_router
E         File "/workspace/ARTEMIS/app/auth/routes.py", line 10, in <module>
E           from .service import (
E         File "/workspace/ARTEMIS/app/auth/service.py", line 13, in <module>
E           from .session_store import default_refresh_session_store
E         File "/workspace/ARTEMIS/app/auth/session_store.py", line 121, in <module>
E           default_refresh_session_store = create_default_refresh_session_store()
E         File "/workspace/ARTEMIS/app/auth/session_store.py", line 117, in create_default_refresh_session_store
E           raise RuntimeError("Failed to initialize Redis refresh session store") from exc
E       RuntimeError: Failed to initialize Redis refresh session store

tests/test_auth_redis_integration.py:27: RuntimeError
_________ test_refresh_token_shared_between_instances_with_real_redis __________

tmp_path = PosixPath('/tmp/pytest-of-root/pytest-0/test_refresh_token_shared_betw0')

    def test_refresh_token_shared_between_instances_with_real_redis(tmp_path) -> None:
        auth_db_path = tmp_path / "auth-redis-multi-instance.db"
        rebind_test_db(auth_db_path, session_backend="memory")
    
        common_env = os.environ.copy()
        common_env.update(
            {
                "APP_ENV": "test",
                "AUTH_SECRET_KEY": "test-secret-auth-redis-multi-instance",
                "AUTH_SESSION_BACKEND": "redis",
                "REDIS_URL": os.getenv("REDIS_URL", "redis://127.0.0.1:6379/0"),
                "AUTH_DATABASE_URL": f"sqlite:///{auth_db_path}",
                "COOKIE_HTTPONLY": "true",
                "COOKIE_SAMESITE": "lax",
            }
        )
    
        server_a = _start_server(port=INSTANCE_A_PORT, env=common_env)
        server_b: subprocess.Popen | None = None
    
        session = requests.Session()
        try:
>           _wait_for_server_ready(BASE_URL_A, session, server_a)

tests/test_auth_redis_multi_instance.py:72: 
_ _ _ _ _ _ _ _ _ _ _ _ _ _ _ _ _ _ _ _ _ _ _ _ _ _ _ _ _ _ _ _ _ _ _ _ _ _ _ _ 

base_url = 'http://127.0.0.1:8014'
session = <requests.sessions.Session object at 0x7f4badb681c0>
server = <Popen: returncode: 1 args: ['uvicorn', 'app.main:app', '--host', '127.0.0.1...>

    def _wait_for_server_ready(base_url: str, session: requests.Session, server: subprocess.Popen | None = None) -> None:
        for _ in range(60):
            try:
                response = session.get(f"{base_url}/api/health", timeout=0.5)
                if response.status_code == 200:
                    return
            except requests.RequestException:
                pass
            time.sleep(0.2)
        stderr_tail = ""
        if server is not None and server.poll() is not None and server.stderr is not None:
            stderr_tail = server.stderr.read().decode("utf-8", errors="replace").strip()
>       raise RuntimeError(f"Failed to start server on {base_url}" + (f"; uvicorn stderr: {stderr_tail}" if stderr_tail else ""))
E       RuntimeError: Failed to start server on http://127.0.0.1:8014; uvicorn stderr: Traceback (most recent call last):
E         File "/root/.pyenv/versions/3.10.19/lib/python3.10/site-packages/redis/connection.py", line 385, in connect_check_health
E           sock = self.retry.call_with_retry(
E         File "/root/.pyenv/versions/3.10.19/lib/python3.10/site-packages/redis/retry.py", line 74, in call_with_retry
E           return do()
E         File "/root/.pyenv/versions/3.10.19/lib/python3.10/site-packages/redis/connection.py", line 386, in <lambda>
E           lambda: self._connect(), lambda error: self.disconnect(error)
E         File "/root/.pyenv/versions/3.10.19/lib/python3.10/site-packages/redis/connection.py", line 797, in _connect
E           raise err
E         File "/root/.pyenv/versions/3.10.19/lib/python3.10/site-packages/redis/connection.py", line 781, in _connect
E           sock.connect(socket_address)
E       ConnectionRefusedError: [Errno 111] Connection refused
E       
E       During handling of the above exception, another exception occurred:
E       
E       Traceback (most recent call last):
E         File "/workspace/ARTEMIS/app/auth/session_store.py", line 115, in create_default_refresh_session_store
E           client.ping()
E         File "/root/.pyenv/versions/3.10.19/lib/python3.10/site-packages/redis/commands/core.py", line 1219, in ping
E           return self.execute_command("PING", **kwargs)
E         File "/root/.pyenv/versions/3.10.19/lib/python3.10/site-packages/redis/client.py", line 621, in execute_command
E           return self._execute_command(*args, **options)
E         File "/root/.pyenv/versions/3.10.19/lib/python3.10/site-packages/redis/client.py", line 627, in _execute_command
E           conn = self.connection or pool.get_connection()
E         File "/root/.pyenv/versions/3.10.19/lib/python3.10/site-packages/redis/utils.py", line 188, in wrapper
E           return func(*args, **kwargs)
E         File "/root/.pyenv/versions/3.10.19/lib/python3.10/site-packages/redis/connection.py", line 1520, in get_connection
E           connection.connect()
E         File "/root/.pyenv/versions/3.10.19/lib/python3.10/site-packages/redis/connection.py", line 379, in connect
E           self.connect_check_health(check_health=True)
E         File "/root/.pyenv/versions/3.10.19/lib/python3.10/site-packages/redis/connection.py", line 391, in connect_check_health
E           raise ConnectionError(self._error_message(e))
E       redis.exceptions.ConnectionError: Error 111 connecting to 127.0.0.1:6379. Connection refused.
E       
E       The above exception was the direct cause of the following exception:
E       
E       Traceback (most recent call last):
E         File "/root/.pyenv/versions/3.10.19/bin/uvicorn", line 7, in <module>
E           sys.exit(main())
E         File "/root/.pyenv/versions/3.10.19/lib/python3.10/site-packages/click/core.py", line 1485, in __call__
E           return self.main(*args, **kwargs)
E         File "/root/.pyenv/versions/3.10.19/lib/python3.10/site-packages/click/core.py", line 1406, in main
E           rv = self.invoke(ctx)
E         File "/root/.pyenv/versions/3.10.19/lib/python3.10/site-packages/click/core.py", line 1269, in invoke
E           return ctx.invoke(self.callback, **ctx.params)
E         File "/root/.pyenv/versions/3.10.19/lib/python3.10/site-packages/click/core.py", line 824, in invoke
E           return callback(*args, **kwargs)
E         File "/root/.pyenv/versions/3.10.19/lib/python3.10/site-packages/uvicorn/main.py", line 433, in main
E           run(
E         File "/root/.pyenv/versions/3.10.19/lib/python3.10/site-packages/uvicorn/main.py", line 606, in run
E           server.run()
E         File "/root/.pyenv/versions/3.10.19/lib/python3.10/site-packages/uvicorn/server.py", line 75, in run
E           return asyncio_run(self.serve(sockets=sockets), loop_factory=self.config.get_loop_factory())
E         File "/root/.pyenv/versions/3.10.19/lib/python3.10/site-packages/uvicorn/_compat.py", line 60, in asyncio_run
E           return loop.run_until_complete(main)
E         File "/root/.pyenv/versions/3.10.19/lib/python3.10/asyncio/base_events.py", line 649, in run_until_complete
E           return future.result()
E         File "/root/.pyenv/versions/3.10.19/lib/python3.10/site-packages/uvicorn/server.py", line 79, in serve
E           await self._serve(sockets)
E         File "/root/.pyenv/versions/3.10.19/lib/python3.10/site-packages/uvicorn/server.py", line 86, in _serve
E           config.load()
E         File "/root/.pyenv/versions/3.10.19/lib/python3.10/site-packages/uvicorn/config.py", line 441, in load
E           self.loaded_app = import_from_string(self.app)
E         File "/root/.pyenv/versions/3.10.19/lib/python3.10/site-packages/uvicorn/importer.py", line 19, in import_from_string
E           module = importlib.import_module(module_str)
E         File "/root/.pyenv/versions/3.10.19/lib/python3.10/importlib/__init__.py", line 126, in import_module
E           return _bootstrap._gcd_import(name[level:], package, level)
E         File "<frozen importlib._bootstrap>", line 1050, in _gcd_import
E         File "<frozen importlib._bootstrap>", line 1027, in _find_and_load
E         File "<frozen importlib._bootstrap>", line 1006, in _find_and_load_unlocked
E         File "<frozen importlib._bootstrap>", line 688, in _load_unlocked
E         File "<frozen importlib._bootstrap_external>", line 883, in exec_module
E         File "<frozen importlib._bootstrap>", line 241, in _call_with_frames_removed
E         File "/workspace/ARTEMIS/app/main.py", line 10, in <module>
E           from app.auth.routes import router as auth_router
E         File "/workspace/ARTEMIS/app/auth/routes.py", line 10, in <module>
E           from .service import (
E         File "/workspace/ARTEMIS/app/auth/service.py", line 13, in <module>
E           from .session_store import default_refresh_session_store
E         File "/workspace/ARTEMIS/app/auth/session_store.py", line 121, in <module>
E           default_refresh_session_store = create_default_refresh_session_store()
E         File "/workspace/ARTEMIS/app/auth/session_store.py", line 117, in create_default_refresh_session_store
E           raise RuntimeError("Failed to initialize Redis refresh session store") from exc
E       RuntimeError: Failed to initialize Redis refresh session store

tests/test_auth_redis_multi_instance.py:29: RuntimeError
________________ test_refresh_survives_restart_with_real_redis _________________

tmp_path = PosixPath('/tmp/pytest-of-root/pytest-0/test_refresh_survives_restart_0')

    def test_refresh_survives_restart_with_real_redis(tmp_path) -> None:
        auth_db_path = tmp_path / "auth-redis-restart.db"
        rebind_test_db(auth_db_path, session_backend="memory")
    
        common_env = os.environ.copy()
        common_env.update(
            {
                "APP_ENV": "test",
                "AUTH_SECRET_KEY": "test-secret-auth-redis-restart",
                "AUTH_SESSION_BACKEND": "redis",
                "REDIS_URL": os.getenv("REDIS_URL", "redis://127.0.0.1:6379/0"),
                "AUTH_DATABASE_URL": f"sqlite:///{auth_db_path}",
                "COOKIE_HTTPONLY": "true",
                "COOKIE_SAMESITE": "lax",
            }
        )
    
        session = requests.Session()
        server_a = _start_server(port=SERVER_A_PORT, env=common_env)
        server_b: subprocess.Popen | None = None
    
        try:
>           _wait_for_server_ready(BASE_URL_A, session, server_a)

tests/test_auth_redis_restart.py:72: 
_ _ _ _ _ _ _ _ _ _ _ _ _ _ _ _ _ _ _ _ _ _ _ _ _ _ _ _ _ _ _ _ _ _ _ _ _ _ _ _ 

base_url = 'http://127.0.0.1:8016'
session = <requests.sessions.Session object at 0x7f4badb0f310>
server = <Popen: returncode: 1 args: ['uvicorn', 'app.main:app', '--host', '127.0.0.1...>

    def _wait_for_server_ready(base_url: str, session: requests.Session, server: subprocess.Popen | None = None) -> None:
        for _ in range(60):
            try:
                response = session.get(f"{base_url}/api/health", timeout=0.5)
                if response.status_code == 200:
                    return
            except requests.RequestException:
                pass
            time.sleep(0.2)
        stderr_tail = ""
        if server is not None and server.poll() is not None and server.stderr is not None:
            stderr_tail = server.stderr.read().decode("utf-8", errors="replace").strip()
>       raise RuntimeError(f"Failed to start server on {base_url}" + (f"; uvicorn stderr: {stderr_tail}" if stderr_tail else ""))
E       RuntimeError: Failed to start server on http://127.0.0.1:8016; uvicorn stderr: Traceback (most recent call last):
E         File "/root/.pyenv/versions/3.10.19/lib/python3.10/site-packages/redis/connection.py", line 385, in connect_check_health
E           sock = self.retry.call_with_retry(
E         File "/root/.pyenv/versions/3.10.19/lib/python3.10/site-packages/redis/retry.py", line 74, in call_with_retry
E           return do()
E         File "/root/.pyenv/versions/3.10.19/lib/python3.10/site-packages/redis/connection.py", line 386, in <lambda>
E           lambda: self._connect(), lambda error: self.disconnect(error)
E         File "/root/.pyenv/versions/3.10.19/lib/python3.10/site-packages/redis/connection.py", line 797, in _connect
E           raise err
E         File "/root/.pyenv/versions/3.10.19/lib/python3.10/site-packages/redis/connection.py", line 781, in _connect
E           sock.connect(socket_address)
E       ConnectionRefusedError: [Errno 111] Connection refused
E       
E       During handling of the above exception, another exception occurred:
E       
E       Traceback (most recent call last):
E         File "/workspace/ARTEMIS/app/auth/session_store.py", line 115, in create_default_refresh_session_store
E           client.ping()
E         File "/root/.pyenv/versions/3.10.19/lib/python3.10/site-packages/redis/commands/core.py", line 1219, in ping
E           return self.execute_command("PING", **kwargs)
E         File "/root/.pyenv/versions/3.10.19/lib/python3.10/site-packages/redis/client.py", line 621, in execute_command
E           return self._execute_command(*args, **options)
E         File "/root/.pyenv/versions/3.10.19/lib/python3.10/site-packages/redis/client.py", line 627, in _execute_command
E           conn = self.connection or pool.get_connection()
E         File "/root/.pyenv/versions/3.10.19/lib/python3.10/site-packages/redis/utils.py", line 188, in wrapper
E           return func(*args, **kwargs)
E         File "/root/.pyenv/versions/3.10.19/lib/python3.10/site-packages/redis/connection.py", line 1520, in get_connection
E           connection.connect()
E         File "/root/.pyenv/versions/3.10.19/lib/python3.10/site-packages/redis/connection.py", line 379, in connect
E           self.connect_check_health(check_health=True)
E         File "/root/.pyenv/versions/3.10.19/lib/python3.10/site-packages/redis/connection.py", line 391, in connect_check_health
E           raise ConnectionError(self._error_message(e))
E       redis.exceptions.ConnectionError: Error 111 connecting to 127.0.0.1:6379. Connection refused.
E       
E       The above exception was the direct cause of the following exception:
E       
E       Traceback (most recent call last):
E         File "/root/.pyenv/versions/3.10.19/bin/uvicorn", line 7, in <module>
E           sys.exit(main())
E         File "/root/.pyenv/versions/3.10.19/lib/python3.10/site-packages/click/core.py", line 1485, in __call__
E           return self.main(*args, **kwargs)
E         File "/root/.pyenv/versions/3.10.19/lib/python3.10/site-packages/click/core.py", line 1406, in main
E           rv = self.invoke(ctx)
E         File "/root/.pyenv/versions/3.10.19/lib/python3.10/site-packages/click/core.py", line 1269, in invoke
E           return ctx.invoke(self.callback, **ctx.params)
E         File "/root/.pyenv/versions/3.10.19/lib/python3.10/site-packages/click/core.py", line 824, in invoke
E           return callback(*args, **kwargs)
E         File "/root/.pyenv/versions/3.10.19/lib/python3.10/site-packages/uvicorn/main.py", line 433, in main
E           run(
E         File "/root/.pyenv/versions/3.10.19/lib/python3.10/site-packages/uvicorn/main.py", line 606, in run
E           server.run()
E         File "/root/.pyenv/versions/3.10.19/lib/python3.10/site-packages/uvicorn/server.py", line 75, in run
E           return asyncio_run(self.serve(sockets=sockets), loop_factory=self.config.get_loop_factory())
E         File "/root/.pyenv/versions/3.10.19/lib/python3.10/site-packages/uvicorn/_compat.py", line 60, in asyncio_run
E           return loop.run_until_complete(main)
E         File "/root/.pyenv/versions/3.10.19/lib/python3.10/asyncio/base_events.py", line 649, in run_until_complete
E           return future.result()
E         File "/root/.pyenv/versions/3.10.19/lib/python3.10/site-packages/uvicorn/server.py", line 79, in serve
E           await self._serve(sockets)
E         File "/root/.pyenv/versions/3.10.19/lib/python3.10/site-packages/uvicorn/server.py", line 86, in _serve
E           config.load()
E         File "/root/.pyenv/versions/3.10.19/lib/python3.10/site-packages/uvicorn/config.py", line 441, in load
E           self.loaded_app = import_from_string(self.app)
E         File "/root/.pyenv/versions/3.10.19/lib/python3.10/site-packages/uvicorn/importer.py", line 19, in import_from_string
E           module = importlib.import_module(module_str)
E         File "/root/.pyenv/versions/3.10.19/lib/python3.10/importlib/__init__.py", line 126, in import_module
E           return _bootstrap._gcd_import(name[level:], package, level)
E         File "<frozen importlib._bootstrap>", line 1050, in _gcd_import
E         File "<frozen importlib._bootstrap>", line 1027, in _find_and_load
E         File "<frozen importlib._bootstrap>", line 1006, in _find_and_load_unlocked
E         File "<frozen importlib._bootstrap>", line 688, in _load_unlocked
E         File "<frozen importlib._bootstrap_external>", line 883, in exec_module
E         File "<frozen importlib._bootstrap>", line 241, in _call_with_frames_removed
E         File "/workspace/ARTEMIS/app/main.py", line 10, in <module>
E           from app.auth.routes import router as auth_router
E         File "/workspace/ARTEMIS/app/auth/routes.py", line 10, in <module>
E           from .service import (
E         File "/workspace/ARTEMIS/app/auth/service.py", line 13, in <module>
E           from .session_store import default_refresh_session_store
E         File "/workspace/ARTEMIS/app/auth/session_store.py", line 121, in <module>
E           default_refresh_session_store = create_default_refresh_session_store()
E         File "/workspace/ARTEMIS/app/auth/session_store.py", line 117, in create_default_refresh_session_store
E           raise RuntimeError("Failed to initialize Redis refresh session store") from exc
E       RuntimeError: Failed to initialize Redis refresh session store

tests/test_auth_redis_restart.py:29: RuntimeError
____ E2ELifecycleTests.test_create_submit_reject_update_resubmit_lifecycle _____

self = <test_e2e_lifecycle.E2ELifecycleTests testMethod=test_create_submit_reject_update_resubmit_lifecycle>

    def test_create_submit_reject_update_resubmit_lifecycle(self):
        user_email = f"user-{uuid4().hex}@example.com"
        user_token = self._register_login(self.session, email=user_email)
        user_headers = {"Authorization": f"Bearer {user_token}"}
    
        create_payload = {
            "name_ru": "Lifecycle draft",
            "date_start": "2026-01-01",
            "source_url": "https://example.com/source",
            "description": "Initial",
            "latitude": 55.75,
            "longitude": 37.61,
        }
        created = self.session.post(f"{self.BASE_URL}/api/drafts", json=create_payload, headers=user_headers, timeout=5)
        self.assertEqual(created.status_code, 201)
        created_data = created.json()
        draft_id = created_data["id"]
        self.assertEqual(created_data["status"], "draft")
    
        submitted = self.session.post(f"{self.BASE_URL}/api/drafts/{draft_id}/submit", headers=user_headers, timeout=5)
        self.assertEqual(submitted.status_code, 200)
        self.assertEqual(submitted.json()["status"], "pending")
    
        mod_email = f"moderator-{uuid4().hex}@example.com"
        self._register_login(self.mod_session, email=mod_email)
>       self._promote_admin(mod_email)

tests/test_e2e_lifecycle.py:113: 
_ _ _ _ _ _ _ _ _ _ _ _ _ _ _ _ _ _ _ _ _ _ _ _ _ _ _ _ _ _ _ _ _ _ _ _ _ _ _ _ 
tests/test_e2e_lifecycle.py:84: in _promote_admin
    self.assertIsNotNone(user)
E   AssertionError: unexpectedly None
_____ MapFeedEndpointTests.test_bbox_and_pagination_apply_in_correct_order _____

self = <test_map_feed_endpoint.MapFeedEndpointTests testMethod=test_bbox_and_pagination_apply_in_correct_order>

    def test_bbox_and_pagination_apply_in_correct_order(self):
        self._insert_draft("inside-1", {"lat": 10, "lng": 20})
        self._insert_draft("inside-2", {"lat": 11, "lng": 21})
        self._insert_draft("outside", {"lat": 40, "lng": 50})
        self._insert_draft("no-coords", None)
    
        filtered = self._get_feed(bbox="15,5,25,15")
        self.assertEqual(filtered.status_code, 200, filtered.text)
        filtered_payload = filtered.json()
    
        paged = self._get_feed(bbox="15,5,25,15", limit=1, offset=1)
        self.assertEqual(paged.status_code, 200, paged.text)
        paged_payload = paged.json()
    
        self.assertTrue(filtered_payload["bbox_applied"])
>       self.assertEqual(filtered_payload["total"], 3)
E       AssertionError: 1 != 3

tests/test_map_feed_endpoint.py:205: AssertionError
______________ MapFeedEndpointTests.test_empty_names_sorted_last _______________

self = <test_map_feed_endpoint.MapFeedEndpointTests testMethod=test_empty_names_sorted_last>

    def test_empty_names_sorted_last(self):
        self._insert_draft("Zulu", {"lat": 10, "lng": 20})
        self._insert_draft("", {"lat": 10, "lng": 20})
        self._insert_draft("Alpha", {"lat": 10, "lng": 20})
        self._insert_draft("   ", {"lat": 10, "lng": 20})
    
        response = self._get_feed()
        self.assertEqual(response.status_code, 200, response.text)
        payload = response.json()
        names = [item["name"] for item in payload["items"]]
    
>       self.assertEqual(names[:4], ["Alpha", "Place A", "Place B", "Zulu"])
E       AssertionError: Lists differ: ['Place A', 'Place B'] != ['Alpha', 'Place A', 'Place B', 'Zulu']
E       
E       First differing element 0:
E       'Place A'
E       'Alpha'
E       
E       Second list contains 2 additional elements.
E       First extra element 2:
E       'Place B'
E       
E       - ['Place A', 'Place B']
E       + ['Alpha', 'Place A', 'Place B', 'Zulu']

tests/test_map_feed_endpoint.py:233: AssertionError
______ MapFeedEndpointTests.test_no_pagination_returns_full_filtered_set _______

self = <test_map_feed_endpoint.MapFeedEndpointTests testMethod=test_no_pagination_returns_full_filtered_set>

    def test_no_pagination_returns_full_filtered_set(self):
        self._seed_three_items()
    
        response = self._get_feed()
        self.assertEqual(response.status_code, 200, response.text)
        payload = response.json()
        parsed = MapFeedResponse.model_validate(payload)
    
>       self.assertEqual(len(payload["items"]), 5)
E       AssertionError: 2 != 5

tests/test_map_feed_endpoint.py:132: AssertionError
__________ MapFeedEndpointTests.test_pagination_applies_after_sorting __________

self = <test_map_feed_endpoint.MapFeedEndpointTests testMethod=test_pagination_applies_after_sorting>

    def test_pagination_applies_after_sorting(self):
        self._insert_draft("charlie", {"lat": 10, "lng": 20})
        self._insert_draft("Alpha", {"lat": 10, "lng": 20})
        self._insert_draft("bravo", {"lat": 10, "lng": 20})
    
        page_1 = self._get_feed(limit=2, offset=0)
        page_2 = self._get_feed(limit=2, offset=2)
    
        self.assertEqual(page_1.status_code, 200, page_1.text)
        self.assertEqual(page_2.status_code, 200, page_2.text)
    
        names_page_1 = [item["name"] for item in page_1.json()["items"]]
        names_page_2 = [item["name"] for item in page_2.json()["items"]]
    
>       self.assertEqual(names_page_1, ["Alpha", "bravo"])
E       AssertionError: Lists differ: ['Place A', 'Place B'] != ['Alpha', 'bravo']
E       
E       First differing element 0:
E       'Place A'
E       'Alpha'
E       
E       - ['Place A', 'Place B']
E       + ['Alpha', 'bravo']

tests/test_map_feed_endpoint.py:262: AssertionError
______ MapFeedEndpointTests.test_stable_ordering_by_name_case_insensitive ______

self = <test_map_feed_endpoint.MapFeedEndpointTests testMethod=test_stable_ordering_by_name_case_insensitive>

    def test_stable_ordering_by_name_case_insensitive(self):
        self._insert_draft("charlie", {"lat": 10, "lng": 20})
        self._insert_draft("Alpha", {"lat": 10, "lng": 20})
        self._insert_draft("bravo", {"lat": 10, "lng": 20})
    
        response = self._get_feed()
        self.assertEqual(response.status_code, 200, response.text)
        payload = response.json()
    
>       self.assertEqual([item["name"] for item in payload["items"]], ["Alpha", "bravo", "charlie", "Place A", "Place B"])
E       AssertionError: Lists differ: ['Place A', 'Place B'] != ['Alpha', 'bravo', 'charlie', 'Place A', 'Place B']
E       
E       First differing element 0:
E       'Place A'
E       'Alpha'
E       
E       Second list contains 3 additional elements.
E       First extra element 2:
E       'charlie'
E       
E       - ['Place A', 'Place B']
E       + ['Alpha', 'bravo', 'charlie', 'Place A', 'Place B']

tests/test_map_feed_endpoint.py:220: AssertionError
______ MapFeedMultiEntityTests.test_entity_type_draft_returns_only_drafts ______

self = <test_map_feed_multi_entity.MapFeedMultiEntityTests testMethod=test_entity_type_draft_returns_only_drafts>

    def test_entity_type_draft_returns_only_drafts(self):
        self._insert_draft("Draft Source")
    
        response = self._get_feed(entity_type="draft")
        self.assertEqual(response.status_code, 200, response.text)
        payload = response.json()
    
>       self.assertTrue(payload["items"])
E       AssertionError: [] is not true

tests/test_map_feed_multi_entity.py:108: AssertionError
____ MapFeedMultiEntityTests.test_multi_entity_present_without_entity_type _____

self = <test_map_feed_multi_entity.MapFeedMultiEntityTests testMethod=test_multi_entity_present_without_entity_type>

    def test_multi_entity_present_without_entity_type(self):
        self._insert_draft("Draft Source")
        response = self._get_feed()
        self.assertEqual(response.status_code, 200, response.text)
    
        entity_types = {item["entity_type"] for item in response.json()["items"]}
>       self.assertIn("draft", entity_types)
E       AssertionError: 'draft' not found in {'place'}

tests/test_map_feed_multi_entity.py:98: AssertionError
_ ModerationApiMatrixTests.test_approve_matrix_non_moderator_and_invalid_state _

self = <test_moderation_api_matrix.ModerationApiMatrixTests testMethod=test_approve_matrix_non_moderator_and_invalid_state>

    def test_approve_matrix_non_moderator_and_invalid_state(self):
        pending_draft_id, user_headers = self._create_and_submit_draft()
    
        non_mod = self.user_session.post(
            f"{self.BASE_URL}/api/moderation/{pending_draft_id}/approve",
            headers=user_headers,
            timeout=5,
        )
        self.assertEqual(non_mod.status_code, 403)
        self.assertTrue(non_mod.json().get("detail") or non_mod.json().get("error"))
    
        email = f"owner-{uuid4().hex}@example.com"
        owner_token = self._register_login(self.user_session, email)
        owner_headers = {"Authorization": f"Bearer {owner_token}"}
        created = self.user_session.post(
            f"{self.BASE_URL}/api/drafts",
            headers=owner_headers,
            json={
                "name_ru": "Draft only",
                "date_start": "2026-01-01",
                "source_url": "https://example.com/source",
                "description": "desc",
            },
            timeout=5,
        )
        self.assertEqual(created.status_code, 201)
        draft_only_id = created.json()["id"]
    
>       mod_headers = self._moderator_headers()

tests/test_moderation_api_matrix.py:223: 
_ _ _ _ _ _ _ _ _ _ _ _ _ _ _ _ _ _ _ _ _ _ _ _ _ _ _ _ _ _ _ _ _ _ _ _ _ _ _ _ 
tests/test_moderation_api_matrix.py:115: in _moderator_headers
    self._promote_admin(email)
tests/test_moderation_api_matrix.py:85: in _promote_admin
    self.assertIsNotNone(user)
E   AssertionError: unexpectedly None
__ ModerationApiMatrixTests.test_reject_invalid_non_pending_state_returns_409 __

self = <test_moderation_api_matrix.ModerationApiMatrixTests testMethod=test_reject_invalid_non_pending_state_returns_409>

    def test_reject_invalid_non_pending_state_returns_409(self):
        email = f"user-{uuid4().hex}@example.com"
        token = self._register_login(self.user_session, email)
        headers = {"Authorization": f"Bearer {token}"}
        created = self.user_session.post(
            f"{self.BASE_URL}/api/drafts",
            headers=headers,
            json={
                "name_ru": "Draft without submit",
                "date_start": "2026-01-01",
                "source_url": "https://example.com/source",
                "description": "desc",
            },
            timeout=5,
        )
        self.assertEqual(created.status_code, 201)
        draft_id = created.json()["id"]
    
>       mod_headers = self._moderator_headers()

tests/test_moderation_api_matrix.py:183: 
_ _ _ _ _ _ _ _ _ _ _ _ _ _ _ _ _ _ _ _ _ _ _ _ _ _ _ _ _ _ _ _ _ _ _ _ _ _ _ _ 
tests/test_moderation_api_matrix.py:115: in _moderator_headers
    self._promote_admin(email)
tests/test_moderation_api_matrix.py:85: in _promote_admin
    self.assertIsNotNone(user)
E   AssertionError: unexpectedly None
_ ModerationApiMatrixTests.test_reject_matrix_non_moderator_missing_already_rejected _

self = <test_moderation_api_matrix.ModerationApiMatrixTests testMethod=test_reject_matrix_non_moderator_missing_already_rejected>

    def test_reject_matrix_non_moderator_missing_already_rejected(self):
        draft_id, user_headers = self._create_and_submit_draft()
    
        non_mod = self.user_session.post(
            f"{self.BASE_URL}/api/moderation/{draft_id}/reject",
            headers=user_headers,
            json={"reason": "not allowed"},
            timeout=5,
        )
        self.assertEqual(non_mod.status_code, 403)
        self.assertTrue(non_mod.json().get("detail") or non_mod.json().get("error"))
    
>       mod_headers = self._moderator_headers()

tests/test_moderation_api_matrix.py:136: 
_ _ _ _ _ _ _ _ _ _ _ _ _ _ _ _ _ _ _ _ _ _ _ _ _ _ _ _ _ _ _ _ _ _ _ _ _ _ _ _ 
tests/test_moderation_api_matrix.py:115: in _moderator_headers
    self._promote_admin(email)
tests/test_moderation_api_matrix.py:85: in _promote_admin
    self.assertIsNotNone(user)
E   AssertionError: unexpectedly None
=========================== short test summary info ============================
FAILED tests/test_auth_redis_integration.py::test_auth_refresh_lifecycle_with_real_redis_backend
FAILED tests/test_auth_redis_multi_instance.py::test_refresh_token_shared_between_instances_with_real_redis
FAILED tests/test_auth_redis_restart.py::test_refresh_survives_restart_with_real_redis
FAILED tests/test_e2e_lifecycle.py::E2ELifecycleTests::test_create_submit_reject_update_resubmit_lifecycle
FAILED tests/test_map_feed_endpoint.py::MapFeedEndpointTests::test_bbox_and_pagination_apply_in_correct_order
FAILED tests/test_map_feed_endpoint.py::MapFeedEndpointTests::test_empty_names_sorted_last
FAILED tests/test_map_feed_endpoint.py::MapFeedEndpointTests::test_no_pagination_returns_full_filtered_set
FAILED tests/test_map_feed_endpoint.py::MapFeedEndpointTests::test_pagination_applies_after_sorting
FAILED tests/test_map_feed_endpoint.py::MapFeedEndpointTests::test_stable_ordering_by_name_case_insensitive
FAILED tests/test_map_feed_multi_entity.py::MapFeedMultiEntityTests::test_entity_type_draft_returns_only_drafts
FAILED tests/test_map_feed_multi_entity.py::MapFeedMultiEntityTests::test_multi_entity_present_without_entity_type
FAILED tests/test_moderation_api_matrix.py::ModerationApiMatrixTests::test_approve_matrix_non_moderator_and_invalid_state
FAILED tests/test_moderation_api_matrix.py::ModerationApiMatrixTests::test_reject_invalid_non_pending_state_returns_409
FAILED tests/test_moderation_api_matrix.py::ModerationApiMatrixTests::test_reject_matrix_non_moderator_missing_already_rejected
ERROR tests/test_uploads_contract.py::UploadsContractTests::test_upload_contract_blank_license_returns_400
ERROR tests/test_uploads_contract.py::UploadsContractTests::test_upload_contract_missing_file_returns_400
ERROR tests/test_uploads_contract.py::UploadsContractTests::test_upload_contract_missing_license_returns_400
ERROR tests/test_uploads_contract.py::UploadsContractTests::test_upload_contract_success_shape_and_accessibility
14 failed, 165 passed, 4 errors, 10 subtests passed in 117.21s (0:01:57)
