{"id": "rec0x9MvhXQFWErOy", "record_id": "rec0x9MvhXQFWErOy", "field": "longitude", "warning": "using legacy fallback field", "value": 55.2741, "reason": "using legacy fallback field", "severity": "warning"}
{"id": "rec0x9MvhXQFWErOy", "record_id": "rec0x9MvhXQFWErOy", "field": "latitude", "warning": "using legacy fallback field", "value": 25.1972, "reason": "using legacy fallback field", "severity": "warning"}
{"id": "rec0x9MvhXQFWErOy", "record_id": "rec0x9MvhXQFWErOy", "field": "source_license", "warning": "using legacy fallback field", "value": "CC BY-SA", "reason": "using legacy fallback field", "severity": "warning"}
{"id": "rec0x9MvhXQFWErOy", "record_id": "rec0x9MvhXQFWErOy", "field": "coordinates_confidence", "warning": "using legacy fallback field", "value": "exact", "reason": "using legacy fallback field", "severity": "warning"}
{"id": "rec1GDGqssFGehzEx", "record_id": "rec1GDGqssFGehzEx", "field": "longitude", "warning": "using legacy fallback field", "value": 2.0283, "reason": "using legacy fallback field", "severity": "warning"}
{"id": "rec1GDGqssFGehzEx", "record_id": "rec1GDGqssFGehzEx", "field": "latitude", "warning": "using legacy fallback field", "value": 48.9244, "reason": "using legacy fallback field", "severity": "warning"}
{"id": "rec1GDGqssFGehzEx", "record_id": "rec1GDGqssFGehzEx", "field": "source_license", "warning": "using legacy fallback field", "value": "CC BY-SA", "reason": "using legacy fallback field", "severity": "warning"}
{"id": "rec1GDGqssFGehzEx", "record_id": "rec1GDGqssFGehzEx", "field": "coordinates_confidence", "warning": "using legacy fallback field", "value": "exact", "reason": "using legacy fallback field", "severity": "warning"}
{"id": "rec7xto7TNSberKPg", "record_id": "rec7xto7TNSberKPg", "field": "longitude", "warning": "using legacy fallback field", "value": 12.4533, "reason": "using legacy fallback field", "severity": "warning"}
{"id": "rec7xto7TNSberKPg", "record_id": "rec7xto7TNSberKPg", "field": "latitude", "warning": "using legacy fallback field", "value": 41.9022, "reason": "using legacy fallback field", "severity": "warning"}
{"id": "rec7xto7TNSberKPg", "record_id": "rec7xto7TNSberKPg", "field": "source_license", "warning": "using legacy fallback field", "value": "CC BY-SA", "reason": "using legacy fallback field", "severity": "warning"}
{"id": "rec7xto7TNSberKPg", "record_id": "rec7xto7TNSberKPg", "field": "coordinates_confidence", "warning": "using legacy fallback field", "value": "exact", "reason": "using legacy fallback field", "severity": "warning"}
{"id": "rec8RKV55zHUCA4bc", "record_id": "rec8RKV55zHUCA4bc", "field": "longitude", "warning": "using legacy fallback field", "value": 1.4878, "reason": "using legacy fallback field", "severity": "warning"}
{"id": "rec8RKV55zHUCA4bc", "record_id": "rec8RKV55zHUCA4bc", "field": "latitude", "warning": "using legacy fallback field", "value": 48.4478, "reason": "using legacy fallback field", "severity": "warning"}
{"id": "rec8RKV55zHUCA4bc", "record_id": "rec8RKV55zHUCA4bc", "field": "source_license", "warning": "using legacy fallback field", "value": "CC BY-SA", "reason": "using legacy fallback field", "severity": "warning"}
{"id": "rec8RKV55zHUCA4bc", "record_id": "rec8RKV55zHUCA4bc", "field": "coordinates_confidence", "warning": "using legacy fallback field", "value": "exact", "reason": "using legacy fallback field", "severity": "warning"}
{"id": "rec9KIQPB9M377wgE", "record_id": "rec9KIQPB9M377wgE", "field": "longitude", "warning": "using legacy fallback field", "value": 2.3522, "reason": "using legacy fallback field", "severity": "warning"}
{"id": "rec9KIQPB9M377wgE", "record_id": "rec9KIQPB9M377wgE", "field": "latitude", "warning": "using legacy fallback field", "value": 48.8606, "reason": "using legacy fallback field", "severity": "warning"}
{"id": "rec9KIQPB9M377wgE", "record_id": "rec9KIQPB9M377wgE", "field": "source_license", "warning": "using legacy fallback field", "value": "CC BY-SA", "reason": "using legacy fallback field", "severity": "warning"}
{"id": "rec9KIQPB9M377wgE", "record_id": "rec9KIQPB9M377wgE", "field": "coordinates_confidence", "warning": "using legacy fallback field", "value": "exact", "reason": "using legacy fallback field", "severity": "warning"}
{"id": "recAJJSQH0dvmnpp0", "record_id": "recAJJSQH0dvmnpp0", "field": "longitude", "warning": "using legacy fallback field", "value": 2.3458, "reason": "using legacy fallback field", "severity": "warning"}
{"id": "recAJJSQH0dvmnpp0", "record_id": "recAJJSQH0dvmnpp0", "field": "latitude", "warning": "using legacy fallback field", "value": 48.8461, "reason": "using legacy fallback field", "severity": "warning"}
{"id": "recAJJSQH0dvmnpp0", "record_id": "recAJJSQH0dvmnpp0", "field": "source_license", "warning": "using legacy fallback field", "value": "CC BY-SA", "reason": "using legacy fallback field", "severity": "warning"}
{"id": "recAJJSQH0dvmnpp0", "record_id": "recAJJSQH0dvmnpp0", "field": "coordinates_confidence", "warning": "using legacy fallback field", "value": "exact", "reason": "using legacy fallback field", "severity": "warning"}
{"id": "recC9HLvvR9Xi1rKR", "record_id": "recC9HLvvR9Xi1rKR", "field": "longitude", "warning": "using legacy fallback field", "value": 12.4769, "reason": "using legacy fallback field", "severity": "warning"}
{"id": "recC9HLvvR9Xi1rKR", "record_id": "recC9HLvvR9Xi1rKR", "field": "latitude", "warning": "using legacy fallback field", "value": 41.8986, "reason": "using legacy fallback field", "severity": "warning"}
{"id": "recC9HLvvR9Xi1rKR", "record_id": "recC9HLvvR9Xi1rKR", "field": "source_license", "warning": "using legacy fallback field", "value": "CC BY-SA", "reason": "using legacy fallback field", "severity": "warning"}
{"id": "recC9HLvvR9Xi1rKR", "record_id": "recC9HLvvR9Xi1rKR", "field": "coordinates_confidence", "warning": "using legacy fallback field", "value": "exact", "reason": "using legacy fallback field", "severity": "warning"}
{"id": "recDQaBEVGxTRjCat", "record_id": "recDQaBEVGxTRjCat", "field": "longitude", "warning": "using legacy fallback field", "value": -8.5442, "reason": "using legacy fallback field", "severity": "warning"}
{"id": "recDQaBEVGxTRjCat", "record_id": "recDQaBEVGxTRjCat", "field": "latitude", "warning": "using legacy fallback field", "value": 42.8806, "reason": "using legacy fallback field", "severity": "warning"}
{"id": "recDQaBEVGxTRjCat", "record_id": "recDQaBEVGxTRjCat", "field": "source_license", "warning": "using legacy fallback field", "value": "CC BY-SA", "reason": "using legacy fallback field", "severity": "warning"}
{"id": "recDQaBEVGxTRjCat", "record_id": "recDQaBEVGxTRjCat", "field": "coordinates_confidence", "warning": "using legacy fallback field", "value": "exact", "reason": "using legacy fallback field", "severity": "warning"}
{"id": "recHqE46e2W3EDBlO", "record_id": "recHqE46e2W3EDBlO", "field": "longitude", "warning": "using legacy fallback field", "value": -73.9755, "reason": "using legacy fallback field", "severity": "warning"}
{"id": "recHqE46e2W3EDBlO", "record_id": "recHqE46e2W3EDBlO", "field": "latitude", "warning": "using legacy fallback field", "value": 40.7516, "reason": "using legacy fallback field", "severity": "warning"}
{"id": "recHqE46e2W3EDBlO", "record_id": "recHqE46e2W3EDBlO", "field": "source_license", "warning": "using legacy fallback field", "value": "CC BY-SA", "reason": "using legacy fallback field", "severity": "warning"}
{"id": "recHqE46e2W3EDBlO", "record_id": "recHqE46e2W3EDBlO", "field": "coordinates_confidence", "warning": "using legacy fallback field", "value": "exact", "reason": "using legacy fallback field", "severity": "warning"}
{"id": "recIO5H5Vqw2xwfLq", "record_id": "recIO5H5Vqw2xwfLq", "field": "longitude", "warning": "using legacy fallback field", "value": 2.1203, "reason": "using legacy fallback field", "severity": "warning"}
{"id": "recIO5H5Vqw2xwfLq", "record_id": "recIO5H5Vqw2xwfLq", "field": "latitude", "warning": "using legacy fallback field", "value": 48.8048, "reason": "using legacy fallback field", "severity": "warning"}
{"id": "recIO5H5Vqw2xwfLq", "record_id": "recIO5H5Vqw2xwfLq", "field": "source_license", "warning": "using legacy fallback field", "value": "CC BY-SA", "reason": "using legacy fallback field", "severity": "warning"}
{"id": "recIO5H5Vqw2xwfLq", "record_id": "recIO5H5Vqw2xwfLq", "field": "coordinates_confidence", "warning": "using legacy fallback field", "value": "exact", "reason": "using legacy fallback field", "severity": "warning"}
{"id": "recS69tE4CQPTy105", "record_id": "recS69tE4CQPTy105", "field": "longitude", "warning": "using legacy fallback field", "value": -3.59, "reason": "using legacy fallback field", "severity": "warning"}
{"id": "recS69tE4CQPTy105", "record_id": "recS69tE4CQPTy105", "field": "latitude", "warning": "using legacy fallback field", "value": 37.1775, "reason": "using legacy fallback field", "severity": "warning"}
{"id": "recS69tE4CQPTy105", "record_id": "recS69tE4CQPTy105", "field": "source_license", "warning": "using legacy fallback field", "value": "CC BY-SA", "reason": "using legacy fallback field", "severity": "warning"}
{"id": "recS69tE4CQPTy105", "record_id": "recS69tE4CQPTy105", "field": "coordinates_confidence", "warning": "using legacy fallback field", "value": "exact", "reason": "using legacy fallback field", "severity": "warning"}
{"id": "recV3Kj5ounTF55mw", "record_id": "recV3Kj5ounTF55mw", "field": "longitude", "warning": "using legacy fallback field", "value": 13.395, "reason": "using legacy fallback field", "severity": "warning"}
{"id": "recV3Kj5ounTF55mw", "record_id": "recV3Kj5ounTF55mw", "field": "latitude", "warning": "using legacy fallback field", "value": 52.502, "reason": "using legacy fallback field", "severity": "warning"}
{"id": "recV3Kj5ounTF55mw", "record_id": "recV3Kj5ounTF55mw", "field": "source_license", "warning": "using legacy fallback field", "value": "CC BY-SA", "reason": "using legacy fallback field", "severity": "warning"}
{"id": "recV3Kj5ounTF55mw", "record_id": "recV3Kj5ounTF55mw", "field": "coordinates_confidence", "warning": "using legacy fallback field", "value": "exact", "reason": "using legacy fallback field", "severity": "warning"}
{"id": "recZbIE0P3vL62bPj", "record_id": "recZbIE0P3vL62bPj", "field": "longitude", "warning": "using legacy fallback field", "value": 23.7266, "reason": "using legacy fallback field", "severity": "warning"}
{"id": "recZbIE0P3vL62bPj", "record_id": "recZbIE0P3vL62bPj", "field": "latitude", "warning": "using legacy fallback field", "value": 37.9715, "reason": "using legacy fallback field", "severity": "warning"}
{"id": "recZbIE0P3vL62bPj", "record_id": "recZbIE0P3vL62bPj", "field": "source_license", "warning": "using legacy fallback field", "value": "CC BY-SA", "reason": "using legacy fallback field", "severity": "warning"}
{"id": "recZbIE0P3vL62bPj", "record_id": "recZbIE0P3vL62bPj", "field": "coordinates_confidence", "warning": "using legacy fallback field", "value": "exact", "reason": "using legacy fallback field", "severity": "warning"}
{"id": "recZsGTVquE5d26YO", "record_id": "recZsGTVquE5d26YO", "field": "longitude", "warning": "using legacy fallback field", "value": -1.8262, "reason": "using legacy fallback field", "severity": "warning"}
{"id": "recZsGTVquE5d26YO", "record_id": "recZsGTVquE5d26YO", "field": "latitude", "warning": "using legacy fallback field", "value": 51.1789, "reason": "using legacy fallback field", "severity": "warning"}
{"id": "recZsGTVquE5d26YO", "record_id": "recZsGTVquE5d26YO", "field": "source_license", "warning": "using legacy fallback field", "value": "PD", "reason": "using legacy fallback field", "severity": "warning"}
{"id": "recZsGTVquE5d26YO", "record_id": "recZsGTVquE5d26YO", "field": "coordinates_confidence", "warning": "using legacy fallback field", "value": "exact", "reason": "using legacy fallback field", "severity": "warning"}
{"id": "receHpSDGZ82Cx05k", "record_id": "receHpSDGZ82Cx05k", "field": "longitude", "warning": "using legacy fallback field", "value": 31.1342, "reason": "using legacy fallback field", "severity": "warning"}
{"id": "receHpSDGZ82Cx05k", "record_id": "receHpSDGZ82Cx05k", "field": "latitude", "warning": "using legacy fallback field", "value": 29.9792, "reason": "using legacy fallback field", "severity": "warning"}
{"id": "receHpSDGZ82Cx05k", "record_id": "receHpSDGZ82Cx05k", "field": "source_license", "warning": "using legacy fallback field", "value": "CC BY-SA", "reason": "using legacy fallback field", "severity": "warning"}
{"id": "receHpSDGZ82Cx05k", "record_id": "receHpSDGZ82Cx05k", "field": "coordinates_confidence", "warning": "using legacy fallback field", "value": "exact", "reason": "using legacy fallback field", "severity": "warning"}
{"id": "recmLwS8nYaR2dYEF", "record_id": "recmLwS8nYaR2dYEF", "field": "longitude", "warning": "using legacy fallback field", "value": 2.1649, "reason": "using legacy fallback field", "severity": "warning"}
{"id": "recmLwS8nYaR2dYEF", "record_id": "recmLwS8nYaR2dYEF", "field": "latitude", "warning": "using legacy fallback field", "value": 41.3917, "reason": "using legacy fallback field", "severity": "warning"}
{"id": "recmLwS8nYaR2dYEF", "record_id": "recmLwS8nYaR2dYEF", "field": "source_license", "warning": "using legacy fallback field", "value": "CC BY-SA", "reason": "using legacy fallback field", "severity": "warning"}
{"id": "recmLwS8nYaR2dYEF", "record_id": "recmLwS8nYaR2dYEF", "field": "coordinates_confidence", "warning": "using legacy fallback field", "value": "exact", "reason": "using legacy fallback field", "severity": "warning"}
{"id": "recr1NbkVTbJwP5Ia", "record_id": "recr1NbkVTbJwP5Ia", "field": "longitude", "warning": "using legacy fallback field", "value": -0.1142, "reason": "using legacy fallback field", "severity": "warning"}
{"id": "recr1NbkVTbJwP5Ia", "record_id": "recr1NbkVTbJwP5Ia", "field": "latitude", "warning": "using legacy fallback field", "value": 51.5072, "reason": "using legacy fallback field", "severity": "warning"}
{"id": "recr1NbkVTbJwP5Ia", "record_id": "recr1NbkVTbJwP5Ia", "field": "source_license", "warning": "using legacy fallback field", "value": "CC BY-SA", "reason": "using legacy fallback field", "severity": "warning"}
{"id": "recr1NbkVTbJwP5Ia", "record_id": "recr1NbkVTbJwP5Ia", "field": "coordinates_confidence", "warning": "using legacy fallback field", "value": "exact", "reason": "using legacy fallback field", "severity": "warning"}
{"id": "recylJimofuhRUv49", "record_id": "recylJimofuhRUv49", "field": "longitude", "warning": "using legacy fallback field", "value": 46.1031, "reason": "using legacy fallback field", "severity": "warning"}
{"id": "recylJimofuhRUv49", "record_id": "recylJimofuhRUv49", "field": "latitude", "warning": "using legacy fallback field", "value": 30.9628, "reason": "using legacy fallback field", "severity": "warning"}
{"id": "recylJimofuhRUv49", "record_id": "recylJimofuhRUv49", "field": "source_license", "warning": "using legacy fallback field", "value": "CC BY-SA", "reason": "using legacy fallback field", "severity": "warning"}
{"id": "recylJimofuhRUv49", "record_id": "recylJimofuhRUv49", "field": "coordinates_confidence", "warning": "using legacy fallback field", "value": "exact", "reason": "using legacy fallback field", "severity": "warning"}
{"id": "reczZVbBhaCDZx97j", "record_id": "reczZVbBhaCDZx97j", "field": "longitude", "warning": "using legacy fallback field", "value": 28.9801, "reason": "using legacy fallback field", "severity": "warning"}
{"id": "reczZVbBhaCDZx97j", "record_id": "reczZVbBhaCDZx97j", "field": "latitude", "warning": "using legacy fallback field", "value": 41.0086, "reason": "using legacy fallback field", "severity": "warning"}
{"id": "reczZVbBhaCDZx97j", "record_id": "reczZVbBhaCDZx97j", "field": "source_license", "warning": "using legacy fallback field", "value": "CC BY-SA", "reason": "using legacy fallback field", "severity": "warning"}
{"id": "reczZVbBhaCDZx97j", "record_id": "reczZVbBhaCDZx97j", "field": "coordinates_confidence", "warning": "using legacy fallback field", "value": "exact", "reason": "using legacy fallback field", "severity": "warning"}
{"id": "rec0x9MvhXQFWErOy", "record_id": "rec0x9MvhXQFWErOy", "reason": "invalid_coordinates_source", "severity": "critical", "field": "coordinates_source", "error": "invalid_coordinates_source"}
{"id": "rec1GDGqssFGehzEx", "record_id": "rec1GDGqssFGehzEx", "reason": "invalid_coordinates_source", "severity": "critical", "field": "coordinates_source", "error": "invalid_coordinates_source"}
{"id": "rec7xto7TNSberKPg", "record_id": "rec7xto7TNSberKPg", "reason": "invalid_coordinates_source", "severity": "critical", "field": "coordinates_source", "error": "invalid_coordinates_source"}
{"id": "rec8RKV55zHUCA4bc", "record_id": "rec8RKV55zHUCA4bc", "reason": "invalid_coordinates_source", "severity": "critical", "field": "coordinates_source", "error": "invalid_coordinates_source"}
{"id": "rec9KIQPB9M377wgE", "record_id": "rec9KIQPB9M377wgE", "reason": "invalid_coordinates_source", "severity": "critical", "field": "coordinates_source", "error": "invalid_coordinates_source"}
{"id": "recAJJSQH0dvmnpp0", "record_id": "recAJJSQH0dvmnpp0", "reason": "invalid_coordinates_source", "severity": "critical", "field": "coordinates_source", "error": "invalid_coordinates_source"}
{"id": "recC9HLvvR9Xi1rKR", "record_id": "recC9HLvvR9Xi1rKR", "reason": "invalid_coordinates_source", "severity": "critical", "field": "coordinates_source", "error": "invalid_coordinates_source"}
{"id": "recDQaBEVGxTRjCat", "record_id": "recDQaBEVGxTRjCat", "reason": "invalid_coordinates_source", "severity": "critical", "field": "coordinates_source", "error": "invalid_coordinates_source"}
{"id": "recHqE46e2W3EDBlO", "record_id": "recHqE46e2W3EDBlO", "reason": "invalid_coordinates_source", "severity": "critical", "field": "coordinates_source", "error": "invalid_coordinates_source"}
{"id": "recIO5H5Vqw2xwfLq", "record_id": "recIO5H5Vqw2xwfLq", "reason": "invalid_coordinates_source", "severity": "critical", "field": "coordinates_source", "error": "invalid_coordinates_source"}
{"id": "recS69tE4CQPTy105", "record_id": "recS69tE4CQPTy105", "reason": "invalid_coordinates_source", "severity": "critical", "field": "coordinates_source", "error": "invalid_coordinates_source"}
{"id": "recV3Kj5ounTF55mw", "record_id": "recV3Kj5ounTF55mw", "reason": "invalid_coordinates_source", "severity": "critical", "field": "coordinates_source", "error": "invalid_coordinates_source"}
{"id": "recZbIE0P3vL62bPj", "record_id": "recZbIE0P3vL62bPj", "reason": "invalid_coordinates_source", "severity": "critical", "field": "coordinates_source", "error": "invalid_coordinates_source"}
{"id": "recZsGTVquE5d26YO", "record_id": "recZsGTVquE5d26YO", "reason": "invalid_coordinates_source", "severity": "critical", "field": "coordinates_source", "error": "invalid_coordinates_source"}
{"id": "receHpSDGZ82Cx05k", "record_id": "receHpSDGZ82Cx05k", "reason": "invalid_coordinates_source", "severity": "critical", "field": "coordinates_source", "error": "invalid_coordinates_source"}
{"id": "recmLwS8nYaR2dYEF", "record_id": "recmLwS8nYaR2dYEF", "reason": "invalid_coordinates_source", "severity": "critical", "field": "coordinates_source", "error": "invalid_coordinates_source"}
{"id": "recr1NbkVTbJwP5Ia", "record_id": "recr1NbkVTbJwP5Ia", "reason": "invalid_coordinates_source", "severity": "critical", "field": "coordinates_source", "error": "invalid_coordinates_source"}
{"id": "recylJimofuhRUv49", "record_id": "recylJimofuhRUv49", "reason": "invalid_coordinates_source", "severity": "critical", "field": "coordinates_source", "error": "invalid_coordinates_source"}
{"id": "reczZVbBhaCDZx97j", "record_id": "reczZVbBhaCDZx97j", "reason": "invalid_coordinates_source", "severity": "critical", "field": "coordinates_source", "error": "invalid_coordinates_source"}
